<?xml version="1.0" encoding="utf-8"?><testsuites name="pytest tests"><testsuite name="pytest" errors="1" failures="0" skipped="0" tests="1" time="7.168" timestamp="2026-05-05T09:08:08.538618+00:00" hostname="84ba03bd7a7e"><testcase classname="" name="LemonFM.model_loader" time="0.000"><error message="collection failure">import file mismatch:
imported module 'model_loader' has this __file__ attribute:
  /workspaces/thesis_giorgiochiesa/src/VU-Tapis/LemonFM/LEMON_curation_models/model_loader.py
which is not the same as the test file we want to collect:
  /workspaces/thesis_giorgiochiesa/src/VU-Tapis/LemonFM/model_loader.py
HINT: remove __pycache__ / .pyc files and/or use a unique basename for your test file modules</error></testcase></testsuite></testsuites>